[2025-05-08 22:04:16Z INFO HostContext] No proxy settings were found based on environmental variables (http_proxy/https_proxy/HTTP_PROXY/HTTPS_PROXY)
[2025-05-08 22:04:16Z INFO HostContext] Well known directory 'Bin': '/Users/ben/Repos/FrothlyBen/course-gh-actions/actions-runner/bin'
[2025-05-08 22:04:16Z INFO HostContext] Well known directory 'Root': '/Users/ben/Repos/FrothlyBen/course-gh-actions/actions-runner'
[2025-05-08 22:04:16Z INFO HostContext] Well known config file 'Credentials': '/Users/ben/Repos/FrothlyBen/course-gh-actions/actions-runner/.credentials'
[2025-05-08 22:04:16Z INFO HostContext] Well known directory 'Bin': '/Users/ben/Repos/FrothlyBen/course-gh-actions/actions-runner/bin'
[2025-05-08 22:04:16Z INFO HostContext] Well known directory 'Root': '/Users/ben/Repos/FrothlyBen/course-gh-actions/actions-runner'
[2025-05-08 22:04:16Z INFO HostContext] Well known config file 'Runner': '/Users/ben/Repos/FrothlyBen/course-gh-actions/actions-runner/.runner'
[2025-05-08 22:04:16Z INFO Listener] Runner is built for OSX (X64) - osx-x64.
[2025-05-08 22:04:16Z INFO Listener] RuntimeInformation: Darwin 24.3.0 Darwin Kernel Version 24.3.0: Thu Jan  2 20:24:24 PST 2025; root:xnu-11215.81.4~3/RELEASE_ARM64_T6030.
[2025-05-08 22:04:16Z INFO Listener] Version: 2.323.0
[2025-05-08 22:04:16Z INFO Listener] Commit: d8b82f44a9ec0258904d5869ae683c31d5aac299
[2025-05-08 22:04:16Z INFO Listener] Culture: en-US
[2025-05-08 22:04:16Z INFO Listener] UI Culture: en-US
[2025-05-08 22:04:16Z INFO HostContext] Well known directory 'Bin': '/Users/ben/Repos/FrothlyBen/course-gh-actions/actions-runner/bin'
[2025-05-08 22:04:16Z INFO HostContext] Well known directory 'Root': '/Users/ben/Repos/FrothlyBen/course-gh-actions/actions-runner'
[2025-05-08 22:04:16Z INFO Listener] Validating directory permissions for: '/Users/ben/Repos/FrothlyBen/course-gh-actions/actions-runner'
[2025-05-08 22:04:16Z INFO CommandLineParser] Parse
[2025-05-08 22:04:16Z INFO CommandLineParser] Parsing 5 args
[2025-05-08 22:04:16Z INFO CommandLineParser] parsing argument
[2025-05-08 22:04:16Z INFO CommandLineParser] HasArgs: False
[2025-05-08 22:04:16Z INFO CommandLineParser] Adding Command: configure
[2025-05-08 22:04:16Z INFO CommandLineParser] parsing argument
[2025-05-08 22:04:16Z INFO CommandLineParser] HasArgs: True
[2025-05-08 22:04:16Z INFO CommandLineParser] arg: url
[2025-05-08 22:04:16Z INFO CommandLineParser] parsing argument
[2025-05-08 22:04:16Z INFO CommandLineParser] HasArgs: True
[2025-05-08 22:04:16Z INFO CommandLineParser] Adding option 'url': 'https://github.com/FrothlyBen/course-gh-actions'
[2025-05-08 22:04:16Z INFO CommandLineParser] parsing argument
[2025-05-08 22:04:16Z INFO CommandLineParser] HasArgs: True
[2025-05-08 22:04:16Z INFO CommandLineParser] arg: token
[2025-05-08 22:04:16Z INFO CommandLineParser] parsing argument
[2025-05-08 22:04:16Z INFO CommandLineParser] HasArgs: True
[2025-05-08 22:04:16Z INFO CommandLineParser] Adding option 'token': '***'
[2025-05-08 22:04:16Z INFO Listener] Arguments parsed
[2025-05-08 22:04:17Z INFO Runner] ExecuteCommand
[2025-05-08 22:04:17Z INFO ConfigurationStore] currentAssemblyLocation: /Users/ben/Repos/FrothlyBen/course-gh-actions/actions-runner/bin/Runner.Listener.dll
[2025-05-08 22:04:17Z INFO HostContext] Well known directory 'Bin': '/Users/ben/Repos/FrothlyBen/course-gh-actions/actions-runner/bin'
[2025-05-08 22:04:17Z INFO ConfigurationStore] binPath: /Users/ben/Repos/FrothlyBen/course-gh-actions/actions-runner/bin
[2025-05-08 22:04:17Z INFO HostContext] Well known directory 'Bin': '/Users/ben/Repos/FrothlyBen/course-gh-actions/actions-runner/bin'
[2025-05-08 22:04:17Z INFO HostContext] Well known directory 'Root': '/Users/ben/Repos/FrothlyBen/course-gh-actions/actions-runner'
[2025-05-08 22:04:17Z INFO ConfigurationStore] RootFolder: /Users/ben/Repos/FrothlyBen/course-gh-actions/actions-runner
[2025-05-08 22:04:17Z INFO HostContext] Well known directory 'Bin': '/Users/ben/Repos/FrothlyBen/course-gh-actions/actions-runner/bin'
[2025-05-08 22:04:17Z INFO HostContext] Well known directory 'Root': '/Users/ben/Repos/FrothlyBen/course-gh-actions/actions-runner'
[2025-05-08 22:04:17Z INFO HostContext] Well known config file 'Runner': '/Users/ben/Repos/FrothlyBen/course-gh-actions/actions-runner/.runner'
[2025-05-08 22:04:17Z INFO ConfigurationStore] ConfigFilePath: /Users/ben/Repos/FrothlyBen/course-gh-actions/actions-runner/.runner
[2025-05-08 22:04:17Z INFO HostContext] Well known directory 'Bin': '/Users/ben/Repos/FrothlyBen/course-gh-actions/actions-runner/bin'
[2025-05-08 22:04:17Z INFO HostContext] Well known directory 'Root': '/Users/ben/Repos/FrothlyBen/course-gh-actions/actions-runner'
[2025-05-08 22:04:17Z INFO HostContext] Well known config file 'MigratedRunner': '/Users/ben/Repos/FrothlyBen/course-gh-actions/actions-runner/.runner_migrated'
[2025-05-08 22:04:17Z INFO ConfigurationStore] MigratedConfigFilePath: /Users/ben/Repos/FrothlyBen/course-gh-actions/actions-runner/.runner_migrated
[2025-05-08 22:04:17Z INFO HostContext] Well known directory 'Bin': '/Users/ben/Repos/FrothlyBen/course-gh-actions/actions-runner/bin'
[2025-05-08 22:04:17Z INFO HostContext] Well known directory 'Root': '/Users/ben/Repos/FrothlyBen/course-gh-actions/actions-runner'
[2025-05-08 22:04:17Z INFO HostContext] Well known config file 'Credentials': '/Users/ben/Repos/FrothlyBen/course-gh-actions/actions-runner/.credentials'
[2025-05-08 22:04:17Z INFO ConfigurationStore] CredFilePath: /Users/ben/Repos/FrothlyBen/course-gh-actions/actions-runner/.credentials
[2025-05-08 22:04:17Z INFO HostContext] Well known directory 'Bin': '/Users/ben/Repos/FrothlyBen/course-gh-actions/actions-runner/bin'
[2025-05-08 22:04:17Z INFO HostContext] Well known directory 'Root': '/Users/ben/Repos/FrothlyBen/course-gh-actions/actions-runner'
[2025-05-08 22:04:17Z INFO HostContext] Well known config file 'MigratedCredentials': '/Users/ben/Repos/FrothlyBen/course-gh-actions/actions-runner/.credentials_migrated'
[2025-05-08 22:04:17Z INFO ConfigurationStore] MigratedCredFilePath: /Users/ben/Repos/FrothlyBen/course-gh-actions/actions-runner/.credentials_migrated
[2025-05-08 22:04:17Z INFO HostContext] Well known directory 'Bin': '/Users/ben/Repos/FrothlyBen/course-gh-actions/actions-runner/bin'
[2025-05-08 22:04:17Z INFO HostContext] Well known directory 'Root': '/Users/ben/Repos/FrothlyBen/course-gh-actions/actions-runner'
[2025-05-08 22:04:17Z INFO HostContext] Well known config file 'Service': '/Users/ben/Repos/FrothlyBen/course-gh-actions/actions-runner/.service'
[2025-05-08 22:04:17Z INFO ConfigurationStore] ServiceConfigFilePath: /Users/ben/Repos/FrothlyBen/course-gh-actions/actions-runner/.service
[2025-05-08 22:04:17Z INFO CommandSettings] Flag 'help': 'False'
[2025-05-08 22:04:17Z INFO CommandSettings] Flag 'version': 'False'
[2025-05-08 22:04:17Z INFO CommandSettings] Flag 'commit': 'False'
[2025-05-08 22:04:17Z INFO CommandSettings] Flag 'check': 'False'
[2025-05-08 22:04:17Z INFO CommandSettings] Command 'configure': 'True'
[2025-05-08 22:04:17Z INFO Terminal] WRITE LINE: 
[2025-05-08 22:04:17Z INFO Terminal] WRITE LINE: --------------------------------------------------------------------------------
[2025-05-08 22:04:17Z INFO Terminal] WRITE LINE: |        ____ _ _   _   _       _          _        _   _                      |
[2025-05-08 22:04:17Z INFO Terminal] WRITE LINE: |       / ___(_) |_| | | |_   _| |__      / \   ___| |_(_) ___  _ __  ___      |
[2025-05-08 22:04:17Z INFO Terminal] WRITE LINE: |      | |  _| | __| |_| | | | | '_ \    / _ \ / __| __| |/ _ \| '_ \/ __|     |
[2025-05-08 22:04:17Z INFO Terminal] WRITE LINE: |      | |_| | | |_|  _  | |_| | |_) |  / ___ \ (__| |_| | (_) | | | \__ \     |
[2025-05-08 22:04:17Z INFO Terminal] WRITE LINE: |       \____|_|\__|_| |_|\__,_|_.__/  /_/   \_\___|\__|_|\___/|_| |_|___/     |
[2025-05-08 22:04:17Z INFO Terminal] WRITE LINE: |                                                                              |
[2025-05-08 22:04:17Z INFO Terminal] WRITE: |                       
[2025-05-08 22:04:17Z INFO Terminal] WRITE: Self-hosted runner registration
[2025-05-08 22:04:17Z INFO Terminal] WRITE LINE:                         |
[2025-05-08 22:04:17Z INFO Terminal] WRITE LINE: |                                                                              |
[2025-05-08 22:04:17Z INFO Terminal] WRITE LINE: --------------------------------------------------------------------------------
[2025-05-08 22:04:17Z INFO ConfigurationManager] ConfigureAsync
[2025-05-08 22:04:17Z INFO CommandSettings] Flag 'generateServiceConfig': 'False'
[2025-05-08 22:04:17Z INFO ConfigurationStore] IsConfigured()
[2025-05-08 22:04:17Z INFO ConfigurationStore] IsConfigured: False
[2025-05-08 22:04:17Z INFO ConfigurationManager] Is configured: False
[2025-05-08 22:04:17Z INFO CommandSettings] Arg 'url': 'https://github.com/FrothlyBen/course-gh-actions'
[2025-05-08 22:04:17Z INFO CommandSettings] Remove url from Arg dictionary.
[2025-05-08 22:04:17Z INFO CommandSettings] Arg 'token': '***'
[2025-05-08 22:04:17Z INFO CommandSettings] Remove token from Arg dictionary.
[2025-05-08 22:04:19Z INFO ConfigurationManager] Http response code: OK from 'POST https://api.github.com/actions/runner-registration' (F7D5:2205DF:5C09F:B8CCA:681D2A63)
[2025-05-08 22:04:19Z INFO ConfigurationManager] Using V2 flow: False
[2025-05-08 22:04:19Z INFO ConfigurationManager] cred retrieved via GitHub auth
[2025-05-08 22:04:19Z INFO RunnerServer] EstablishVssConnection
[2025-05-08 22:04:19Z INFO RunnerServer] Establish connection with 100 seconds timeout.
[2025-05-08 22:04:19Z INFO GitHubActionsService] Starting operation Location.GetConnectionData
[2025-05-08 22:04:19Z INFO RunnerServer] EstablishVssConnection
[2025-05-08 22:04:19Z INFO RunnerServer] Establish connection with 60 seconds timeout.
[2025-05-08 22:04:19Z INFO GitHubActionsService] Starting operation Location.GetConnectionData
[2025-05-08 22:04:19Z INFO RunnerServer] EstablishVssConnection
[2025-05-08 22:04:19Z INFO RunnerServer] Establish connection with 60 seconds timeout.
[2025-05-08 22:04:19Z INFO GitHubActionsService] Starting operation Location.GetConnectionData
[2025-05-08 22:04:20Z INFO GitHubActionsService] Finished operation Location.GetConnectionData
[2025-05-08 22:04:20Z INFO GitHubActionsService] Finished operation Location.GetConnectionData
[2025-05-08 22:04:20Z INFO GitHubActionsService] Finished operation Location.GetConnectionData
[2025-05-08 22:04:20Z INFO Terminal] WRITE LINE: 
[2025-05-08 22:04:20Z INFO ConfigurationManager] Test Connection complete.
[2025-05-08 22:04:20Z INFO HostContext] Well known directory 'Bin': '/Users/ben/Repos/FrothlyBen/course-gh-actions/actions-runner/bin'
[2025-05-08 22:04:20Z INFO HostContext] Well known directory 'Root': '/Users/ben/Repos/FrothlyBen/course-gh-actions/actions-runner'
[2025-05-08 22:04:20Z INFO HostContext] Well known config file 'RSACredentials': '/Users/ben/Repos/FrothlyBen/course-gh-actions/actions-runner/.credentials_rsaparams'
[2025-05-08 22:04:20Z INFO RSAFileKeyManager] Creating new RSA key using 2048-bit key length
[2025-05-08 22:04:20Z INFO RSAFileKeyManager] Successfully saved RSA key parameters to file /Users/ben/Repos/FrothlyBen/course-gh-actions/actions-runner/.credentials_rsaparams
[2025-05-08 22:04:20Z INFO RSAFileKeyManager] Which2: 'chmod'
[2025-05-08 22:04:20Z INFO RSAFileKeyManager] Location: '/bin/chmod'
[2025-05-08 22:04:20Z INFO HostContext] Well known directory 'Bin': '/Users/ben/Repos/FrothlyBen/course-gh-actions/actions-runner/bin'
[2025-05-08 22:04:20Z INFO HostContext] Well known directory 'Root': '/Users/ben/Repos/FrothlyBen/course-gh-actions/actions-runner'
[2025-05-08 22:04:20Z INFO ProcessInvokerWrapper] Starting process:
[2025-05-08 22:04:20Z INFO ProcessInvokerWrapper]   File name: '/bin/chmod'
[2025-05-08 22:04:20Z INFO ProcessInvokerWrapper]   Arguments: '600 /Users/ben/Repos/FrothlyBen/course-gh-actions/actions-runner/.credentials_rsaparams'
[2025-05-08 22:04:20Z INFO ProcessInvokerWrapper]   Working directory: '/Users/ben/Repos/FrothlyBen/course-gh-actions/actions-runner'
[2025-05-08 22:04:20Z INFO ProcessInvokerWrapper]   Require exit code zero: 'False'
[2025-05-08 22:04:20Z INFO ProcessInvokerWrapper]   Encoding web name:  ; code page: ''
[2025-05-08 22:04:20Z INFO ProcessInvokerWrapper]   Force kill process on cancellation: 'False'
[2025-05-08 22:04:20Z INFO ProcessInvokerWrapper]   Redirected STDIN: 'False'
[2025-05-08 22:04:20Z INFO ProcessInvokerWrapper]   Persist current code page: 'False'
[2025-05-08 22:04:20Z INFO ProcessInvokerWrapper]   Keep redirected STDIN open: 'False'
[2025-05-08 22:04:20Z INFO ProcessInvokerWrapper]   High priority process: 'False'
[2025-05-08 22:04:20Z INFO ProcessInvokerWrapper] Process started with process id 29574, waiting for process exit.
[2025-05-08 22:04:20Z INFO ProcessInvokerWrapper] STDOUT/STDERR stream read finished.
[2025-05-08 22:04:20Z INFO ProcessInvokerWrapper] STDOUT/STDERR stream read finished.
[2025-05-08 22:04:20Z INFO ProcessInvokerWrapper] Finished process 29574 with exit code 0, and elapsed time 00:00:00.2180058.
[2025-05-08 22:04:20Z INFO RSAFileKeyManager] Successfully set permissions for RSA key parameters file /Users/ben/Repos/FrothlyBen/course-gh-actions/actions-runner/.credentials_rsaparams
[2025-05-08 22:04:21Z INFO CommandSettings] Arg 'runnergroup': ''
[2025-05-08 22:04:21Z INFO CommandSettings] Flag 'unattended': 'False'
[2025-05-08 22:04:21Z INFO PromptManager] ReadValue
[2025-05-08 22:04:21Z INFO Terminal] WRITE: Enter the name of the runner group to add this runner to: 
[2025-05-08 22:04:21Z INFO Terminal] WRITE: [press Enter for Default] 
[2025-05-08 22:04:21Z INFO Terminal] READ LINE
[2025-05-08 22:04:26Z INFO Terminal] Read value: ''
[2025-05-08 22:04:26Z INFO PromptManager] Falling back to the default: 'Default'
[2025-05-08 22:04:26Z INFO Terminal] WRITE LINE: 
[2025-05-08 22:04:26Z INFO ConfigurationManager] Found a self-hosted runner group with id 1 and name Default
[2025-05-08 22:04:26Z INFO CommandSettings] Flag 'disableupdate': 'False'
[2025-05-08 22:04:26Z INFO CommandSettings] Flag 'ephemeral': 'False'
[2025-05-08 22:04:26Z INFO CommandSettings] Arg 'name': ''
[2025-05-08 22:04:26Z INFO CommandSettings] Flag 'unattended': 'False'
[2025-05-08 22:04:26Z INFO PromptManager] ReadValue
[2025-05-08 22:04:26Z INFO Terminal] WRITE: Enter the name of runner: 
[2025-05-08 22:04:26Z INFO Terminal] WRITE: [press Enter for MangoToad] 
[2025-05-08 22:04:26Z INFO Terminal] READ LINE
[2025-05-08 22:04:28Z INFO Terminal] Read value: ''
[2025-05-08 22:04:28Z INFO PromptManager] Falling back to the default: 'MangoToad'
[2025-05-08 22:04:28Z INFO Terminal] WRITE LINE: 
[2025-05-08 22:04:28Z INFO CommandSettings] Arg 'labels': ''
[2025-05-08 22:04:28Z INFO CommandSettings] Flag 'unattended': 'False'
[2025-05-08 22:04:28Z INFO PromptManager] ReadValue
[2025-05-08 22:04:28Z INFO Terminal] WRITE: This runner will have the following labels: 'self-hosted', 'macOS', 'X64' 
Enter any additional labels (ex. label-1,label-2): 
[2025-05-08 22:04:28Z INFO Terminal] WRITE: [press Enter to skip] 
[2025-05-08 22:04:28Z INFO Terminal] READ LINE
[2025-05-08 22:04:38Z INFO Terminal] Read value: ''
[2025-05-08 22:04:38Z INFO Terminal] WRITE LINE: 
[2025-05-08 22:04:38Z INFO CommandSettings] Flag 'disableupdate': 'False'
[2025-05-08 22:04:38Z INFO CommandSettings] Flag 'no-default-labels': 'False'
[2025-05-08 22:04:39Z INFO CommandSettings] Flag 'disableupdate': 'False'
[2025-05-08 22:04:39Z INFO CommandSettings] Flag 'ephemeral': 'False'
[2025-05-08 22:04:39Z INFO ConfigurationStore] Saving OAuth credential @ /Users/ben/Repos/FrothlyBen/course-gh-actions/actions-runner/.credentials
[2025-05-08 22:04:39Z INFO ConfigurationStore] Credentials Saved.
[2025-05-08 22:04:39Z INFO ConfigurationStore] HasCredentials()
[2025-05-08 22:04:39Z INFO ConfigurationStore] stored True
[2025-05-08 22:04:39Z INFO CredentialManager] GetCredentialProvider
[2025-05-08 22:04:39Z INFO CredentialManager] Creating type OAuth
[2025-05-08 22:04:39Z INFO CredentialManager] Creating credential type: OAuth
[2025-05-08 22:04:39Z INFO RSAFileKeyManager] Loading RSA key parameters from file /Users/ben/Repos/FrothlyBen/course-gh-actions/actions-runner/.credentials_rsaparams
[2025-05-08 22:04:39Z INFO RunnerServer] EstablishVssConnection
[2025-05-08 22:04:39Z INFO RunnerServer] Establish connection with 100 seconds timeout.
[2025-05-08 22:04:39Z INFO GitHubActionsService] Starting operation Location.GetConnectionData
[2025-05-08 22:04:39Z INFO RunnerServer] EstablishVssConnection
[2025-05-08 22:04:39Z INFO RunnerServer] Establish connection with 60 seconds timeout.
[2025-05-08 22:04:39Z INFO GitHubActionsService] Starting operation Location.GetConnectionData
[2025-05-08 22:04:39Z INFO RunnerServer] EstablishVssConnection
[2025-05-08 22:04:39Z INFO RunnerServer] Establish connection with 60 seconds timeout.
[2025-05-08 22:04:39Z INFO GitHubActionsService] Starting operation Location.GetConnectionData
[2025-05-08 22:04:39Z INFO GitHubActionsService] Finished operation Location.GetConnectionData
[2025-05-08 22:04:39Z INFO GitHubActionsService] Finished operation Location.GetConnectionData
[2025-05-08 22:04:39Z INFO GitHubActionsService] Finished operation Location.GetConnectionData
[2025-05-08 22:04:39Z INFO RSAFileKeyManager] Loading RSA key parameters from file /Users/ben/Repos/FrothlyBen/course-gh-actions/actions-runner/.credentials_rsaparams
[2025-05-08 22:04:39Z INFO RSAFileKeyManager] Loading RSA key parameters from file /Users/ben/Repos/FrothlyBen/course-gh-actions/actions-runner/.credentials_rsaparams
[2025-05-08 22:04:39Z INFO GitHubActionsService] AAD Correlation ID for this token request: Unknown
[2025-05-08 22:04:39Z INFO CommandSettings] Arg 'work': ''
[2025-05-08 22:04:39Z INFO CommandSettings] Flag 'unattended': 'False'
[2025-05-08 22:04:39Z INFO PromptManager] ReadValue
[2025-05-08 22:04:39Z INFO Terminal] WRITE: Enter name of work folder: 
[2025-05-08 22:04:39Z INFO Terminal] WRITE: [press Enter for _work] 
[2025-05-08 22:04:39Z INFO Terminal] READ LINE
[2025-05-08 22:04:42Z INFO Terminal] Read value: ''
[2025-05-08 22:04:42Z INFO PromptManager] Falling back to the default: '_work'
[2025-05-08 22:04:42Z INFO ConfigurationStore] Saving runner settings.
[2025-05-08 22:04:42Z INFO ConfigurationStore] Settings Saved.
[2025-05-08 22:04:42Z INFO Terminal] WRITE LINE: 
[2025-05-08 22:04:42Z INFO Terminal] WRITE LINE: 
[2025-05-08 22:04:42Z INFO OsxServiceControlManager] Service name 'actions.runner.FrothlyBen-course-gh-actions.MangoToad' display name 'GitHub Actions Runner (FrothlyBen-course-gh-actions.MangoToad)' will be used for service configuration.
[2025-05-08 22:04:42Z INFO HostContext] Well known directory 'Bin': '/Users/ben/Repos/FrothlyBen/course-gh-actions/actions-runner/bin'
[2025-05-08 22:04:42Z INFO HostContext] Well known directory 'Root': '/Users/ben/Repos/FrothlyBen/course-gh-actions/actions-runner'
[2025-05-08 22:04:42Z INFO HostContext] Well known directory 'Bin': '/Users/ben/Repos/FrothlyBen/course-gh-actions/actions-runner/bin'
[2025-05-08 22:04:42Z INFO HostContext] Well known directory 'Bin': '/Users/ben/Repos/FrothlyBen/course-gh-actions/actions-runner/bin'
[2025-05-08 22:04:42Z INFO HostContext] Well known directory 'Root': '/Users/ben/Repos/FrothlyBen/course-gh-actions/actions-runner'
[2025-05-08 22:04:42Z INFO UnixUtil] Which2: 'chmod'
[2025-05-08 22:04:42Z INFO UnixUtil] Location: '/bin/chmod'
[2025-05-08 22:04:42Z INFO UnixUtil] Running /bin/chmod 755 "/Users/ben/Repos/FrothlyBen/course-gh-actions/actions-runner/svc.sh"
[2025-05-08 22:04:42Z INFO ProcessInvokerWrapper] Starting process:
[2025-05-08 22:04:42Z INFO ProcessInvokerWrapper]   File name: '/bin/chmod'
[2025-05-08 22:04:42Z INFO ProcessInvokerWrapper]   Arguments: '755 "/Users/ben/Repos/FrothlyBen/course-gh-actions/actions-runner/svc.sh"'
[2025-05-08 22:04:42Z INFO ProcessInvokerWrapper]   Working directory: '/Users/ben/Repos/FrothlyBen/course-gh-actions/actions-runner'
[2025-05-08 22:04:42Z INFO ProcessInvokerWrapper]   Require exit code zero: 'True'
[2025-05-08 22:04:42Z INFO ProcessInvokerWrapper]   Encoding web name:  ; code page: ''
[2025-05-08 22:04:42Z INFO ProcessInvokerWrapper]   Force kill process on cancellation: 'False'
[2025-05-08 22:04:42Z INFO ProcessInvokerWrapper]   Redirected STDIN: 'False'
[2025-05-08 22:04:42Z INFO ProcessInvokerWrapper]   Persist current code page: 'False'
[2025-05-08 22:04:42Z INFO ProcessInvokerWrapper]   Keep redirected STDIN open: 'False'
[2025-05-08 22:04:42Z INFO ProcessInvokerWrapper]   High priority process: 'False'
[2025-05-08 22:04:42Z INFO ProcessInvokerWrapper] Process started with process id 29608, waiting for process exit.
[2025-05-08 22:04:42Z INFO ProcessInvokerWrapper] STDOUT/STDERR stream read finished.
[2025-05-08 22:04:42Z INFO ProcessInvokerWrapper] STDOUT/STDERR stream read finished.
[2025-05-08 22:04:42Z INFO ProcessInvokerWrapper] Finished process 29608 with exit code 0, and elapsed time 00:00:00.0255064.
[2025-05-08 22:04:42Z INFO Listener] Runner execution has finished with return code 0
