[2025-05-08 22:04:46Z INFO HostContext] No proxy settings were found based on environmental variables (http_proxy/https_proxy/HTTP_PROXY/HTTPS_PROXY)
[2025-05-08 22:04:46Z INFO HostContext] Well known directory 'Bin': '/Users/ben/Repos/FrothlyBen/course-gh-actions/actions-runner/bin'
[2025-05-08 22:04:46Z INFO HostContext] Well known directory 'Root': '/Users/ben/Repos/FrothlyBen/course-gh-actions/actions-runner'
[2025-05-08 22:04:46Z INFO HostContext] Well known config file 'Credentials': '/Users/ben/Repos/FrothlyBen/course-gh-actions/actions-runner/.credentials'
[2025-05-08 22:04:46Z INFO HostContext] Well known directory 'Bin': '/Users/ben/Repos/FrothlyBen/course-gh-actions/actions-runner/bin'
[2025-05-08 22:04:46Z INFO HostContext] Well known directory 'Root': '/Users/ben/Repos/FrothlyBen/course-gh-actions/actions-runner'
[2025-05-08 22:04:46Z INFO HostContext] Well known config file 'Runner': '/Users/ben/Repos/FrothlyBen/course-gh-actions/actions-runner/.runner'
[2025-05-08 22:04:46Z INFO Listener] Runner is built for OSX (X64) - osx-x64.
[2025-05-08 22:04:46Z INFO Listener] RuntimeInformation: Darwin 24.3.0 Darwin Kernel Version 24.3.0: Thu Jan  2 20:24:24 PST 2025; root:xnu-11215.81.4~3/RELEASE_ARM64_T6030.
[2025-05-08 22:04:46Z INFO Listener] Version: 2.323.0
[2025-05-08 22:04:46Z INFO Listener] Commit: d8b82f44a9ec0258904d5869ae683c31d5aac299
[2025-05-08 22:04:46Z INFO Listener] Culture: en-US
[2025-05-08 22:04:46Z INFO Listener] UI Culture: en-US
[2025-05-08 22:04:46Z INFO HostContext] Well known directory 'Bin': '/Users/ben/Repos/FrothlyBen/course-gh-actions/actions-runner/bin'
[2025-05-08 22:04:46Z INFO HostContext] Well known directory 'Root': '/Users/ben/Repos/FrothlyBen/course-gh-actions/actions-runner'
[2025-05-08 22:04:46Z INFO Listener] Validating directory permissions for: '/Users/ben/Repos/FrothlyBen/course-gh-actions/actions-runner'
[2025-05-08 22:04:46Z INFO CommandLineParser] Parse
[2025-05-08 22:04:46Z INFO CommandLineParser] Parsing 1 args
[2025-05-08 22:04:46Z INFO CommandLineParser] parsing argument
[2025-05-08 22:04:46Z INFO CommandLineParser] HasArgs: False
[2025-05-08 22:04:46Z INFO CommandLineParser] Adding Command: run
[2025-05-08 22:04:46Z INFO Listener] Arguments parsed
[2025-05-08 22:04:46Z INFO Runner] ExecuteCommand
[2025-05-08 22:04:46Z INFO ConfigurationStore] currentAssemblyLocation: /Users/ben/Repos/FrothlyBen/course-gh-actions/actions-runner/bin/Runner.Listener.dll
[2025-05-08 22:04:46Z INFO HostContext] Well known directory 'Bin': '/Users/ben/Repos/FrothlyBen/course-gh-actions/actions-runner/bin'
[2025-05-08 22:04:46Z INFO ConfigurationStore] binPath: /Users/ben/Repos/FrothlyBen/course-gh-actions/actions-runner/bin
[2025-05-08 22:04:46Z INFO HostContext] Well known directory 'Bin': '/Users/ben/Repos/FrothlyBen/course-gh-actions/actions-runner/bin'
[2025-05-08 22:04:46Z INFO HostContext] Well known directory 'Root': '/Users/ben/Repos/FrothlyBen/course-gh-actions/actions-runner'
[2025-05-08 22:04:46Z INFO ConfigurationStore] RootFolder: /Users/ben/Repos/FrothlyBen/course-gh-actions/actions-runner
[2025-05-08 22:04:46Z INFO HostContext] Well known directory 'Bin': '/Users/ben/Repos/FrothlyBen/course-gh-actions/actions-runner/bin'
[2025-05-08 22:04:46Z INFO HostContext] Well known directory 'Root': '/Users/ben/Repos/FrothlyBen/course-gh-actions/actions-runner'
[2025-05-08 22:04:46Z INFO HostContext] Well known config file 'Runner': '/Users/ben/Repos/FrothlyBen/course-gh-actions/actions-runner/.runner'
[2025-05-08 22:04:46Z INFO ConfigurationStore] ConfigFilePath: /Users/ben/Repos/FrothlyBen/course-gh-actions/actions-runner/.runner
[2025-05-08 22:04:46Z INFO HostContext] Well known directory 'Bin': '/Users/ben/Repos/FrothlyBen/course-gh-actions/actions-runner/bin'
[2025-05-08 22:04:46Z INFO HostContext] Well known directory 'Root': '/Users/ben/Repos/FrothlyBen/course-gh-actions/actions-runner'
[2025-05-08 22:04:46Z INFO HostContext] Well known config file 'MigratedRunner': '/Users/ben/Repos/FrothlyBen/course-gh-actions/actions-runner/.runner_migrated'
[2025-05-08 22:04:46Z INFO ConfigurationStore] MigratedConfigFilePath: /Users/ben/Repos/FrothlyBen/course-gh-actions/actions-runner/.runner_migrated
[2025-05-08 22:04:46Z INFO HostContext] Well known directory 'Bin': '/Users/ben/Repos/FrothlyBen/course-gh-actions/actions-runner/bin'
[2025-05-08 22:04:46Z INFO HostContext] Well known directory 'Root': '/Users/ben/Repos/FrothlyBen/course-gh-actions/actions-runner'
[2025-05-08 22:04:46Z INFO HostContext] Well known config file 'Credentials': '/Users/ben/Repos/FrothlyBen/course-gh-actions/actions-runner/.credentials'
[2025-05-08 22:04:46Z INFO ConfigurationStore] CredFilePath: /Users/ben/Repos/FrothlyBen/course-gh-actions/actions-runner/.credentials
[2025-05-08 22:04:46Z INFO HostContext] Well known directory 'Bin': '/Users/ben/Repos/FrothlyBen/course-gh-actions/actions-runner/bin'
[2025-05-08 22:04:46Z INFO HostContext] Well known directory 'Root': '/Users/ben/Repos/FrothlyBen/course-gh-actions/actions-runner'
[2025-05-08 22:04:46Z INFO HostContext] Well known config file 'MigratedCredentials': '/Users/ben/Repos/FrothlyBen/course-gh-actions/actions-runner/.credentials_migrated'
[2025-05-08 22:04:46Z INFO ConfigurationStore] MigratedCredFilePath: /Users/ben/Repos/FrothlyBen/course-gh-actions/actions-runner/.credentials_migrated
[2025-05-08 22:04:46Z INFO HostContext] Well known directory 'Bin': '/Users/ben/Repos/FrothlyBen/course-gh-actions/actions-runner/bin'
[2025-05-08 22:04:46Z INFO HostContext] Well known directory 'Root': '/Users/ben/Repos/FrothlyBen/course-gh-actions/actions-runner'
[2025-05-08 22:04:46Z INFO HostContext] Well known config file 'Service': '/Users/ben/Repos/FrothlyBen/course-gh-actions/actions-runner/.service'
[2025-05-08 22:04:46Z INFO ConfigurationStore] ServiceConfigFilePath: /Users/ben/Repos/FrothlyBen/course-gh-actions/actions-runner/.service
[2025-05-08 22:04:46Z INFO CommandSettings] Flag 'help': 'False'
[2025-05-08 22:04:46Z INFO CommandSettings] Flag 'version': 'False'
[2025-05-08 22:04:46Z INFO CommandSettings] Flag 'commit': 'False'
[2025-05-08 22:04:46Z INFO CommandSettings] Flag 'check': 'False'
[2025-05-08 22:04:46Z INFO CommandSettings] Command 'configure': 'False'
[2025-05-08 22:04:46Z INFO CommandSettings] Command 'remove': 'False'
[2025-05-08 22:04:46Z INFO CommandSettings] Command 'warmup': 'False'
[2025-05-08 22:04:46Z INFO ConfigurationManager] LoadSettings
[2025-05-08 22:04:46Z INFO ConfigurationStore] IsConfigured()
[2025-05-08 22:04:46Z INFO ConfigurationStore] IsConfigured: True
[2025-05-08 22:04:46Z INFO ConfigurationManager] Is configured: True
[2025-05-08 22:04:46Z INFO ConfigurationStore] Read setting file: 304 chars
[2025-05-08 22:04:46Z INFO ConfigurationManager] Settings Loaded
[2025-05-08 22:04:46Z INFO ConfigurationStore] IsServiceConfigured()
[2025-05-08 22:04:46Z INFO ConfigurationStore] IsServiceConfigured: False
[2025-05-08 22:04:46Z INFO CommandSettings] Command 'run': 'True'
[2025-05-08 22:04:46Z INFO ConfigurationStore] IsConfigured()
[2025-05-08 22:04:46Z INFO ConfigurationStore] IsConfigured: True
[2025-05-08 22:04:46Z INFO ConfigurationManager] Is configured: True
[2025-05-08 22:04:46Z INFO Runner] Could not parse the argument value '' for StartupType. Defaulting to Manual
[2025-05-08 22:04:46Z INFO Runner] Set runner startup type - Manual
[2025-05-08 22:04:46Z INFO CommandSettings] Flag 'once': 'False'
[2025-05-08 22:04:46Z INFO CommandSettings] Flag 'once': 'False'
[2025-05-08 22:04:46Z INFO Runner] RunAsync
[2025-05-08 22:04:46Z INFO ConfigurationManager] LoadSettings
[2025-05-08 22:04:46Z INFO ConfigurationStore] IsConfigured()
[2025-05-08 22:04:46Z INFO ConfigurationStore] IsConfigured: True
[2025-05-08 22:04:46Z INFO ConfigurationManager] Is configured: True
[2025-05-08 22:04:46Z INFO ConfigurationManager] Settings Loaded
[2025-05-08 22:04:46Z INFO MessageListener] {
  "AgentId": 2,
  "AgentName": "MangoToad",
  "PoolId": 1,
  "PoolName": "Default",
  "ServerUrl": "https://pipelinesghubeus13.actions.githubusercontent.com/Wo31sazzW2PdHtNKOnTQUMdKzDrqXHaVPZ4aZOzm9oCQjy3ME6/",
  "GitHubUrl": "https://github.com/FrothlyBen/course-gh-actions",
  "WorkFolder": "_work"
}
[2025-05-08 22:04:46Z INFO MessageListener] Loading Credentials
[2025-05-08 22:04:46Z INFO ConfigurationStore] HasCredentials()
[2025-05-08 22:04:46Z INFO ConfigurationStore] stored True
[2025-05-08 22:04:46Z INFO CredentialManager] GetCredentialProvider
[2025-05-08 22:04:46Z INFO CredentialManager] Creating type OAuth
[2025-05-08 22:04:46Z INFO CredentialManager] Creating credential type: OAuth
[2025-05-08 22:04:46Z INFO HostContext] Well known directory 'Bin': '/Users/ben/Repos/FrothlyBen/course-gh-actions/actions-runner/bin'
[2025-05-08 22:04:46Z INFO HostContext] Well known directory 'Root': '/Users/ben/Repos/FrothlyBen/course-gh-actions/actions-runner'
[2025-05-08 22:04:46Z INFO HostContext] Well known config file 'RSACredentials': '/Users/ben/Repos/FrothlyBen/course-gh-actions/actions-runner/.credentials_rsaparams'
[2025-05-08 22:04:46Z INFO RSAFileKeyManager] Loading RSA key parameters from file /Users/ben/Repos/FrothlyBen/course-gh-actions/actions-runner/.credentials_rsaparams
[2025-05-08 22:04:46Z INFO MessageListener] Attempt to create session.
[2025-05-08 22:04:46Z INFO MessageListener] Connecting to the Runner Server...
[2025-05-08 22:04:46Z INFO RunnerServer] EstablishVssConnection
[2025-05-08 22:04:46Z INFO RunnerServer] Establish connection with 100 seconds timeout.
[2025-05-08 22:04:46Z INFO GitHubActionsService] Starting operation Location.GetConnectionData
[2025-05-08 22:04:46Z INFO RunnerServer] EstablishVssConnection
[2025-05-08 22:04:46Z INFO RunnerServer] Establish connection with 60 seconds timeout.
[2025-05-08 22:04:46Z INFO GitHubActionsService] Starting operation Location.GetConnectionData
[2025-05-08 22:04:46Z INFO RunnerServer] EstablishVssConnection
[2025-05-08 22:04:46Z INFO RunnerServer] Establish connection with 60 seconds timeout.
[2025-05-08 22:04:46Z INFO GitHubActionsService] Starting operation Location.GetConnectionData
[2025-05-08 22:04:46Z INFO GitHubActionsService] Finished operation Location.GetConnectionData
[2025-05-08 22:04:46Z INFO GitHubActionsService] Finished operation Location.GetConnectionData
[2025-05-08 22:04:46Z INFO GitHubActionsService] Finished operation Location.GetConnectionData
[2025-05-08 22:04:46Z INFO MessageListener] VssConnection created
[2025-05-08 22:04:46Z INFO Terminal] WRITE LINE: 
[2025-05-08 22:04:46Z INFO Terminal] WRITE LINE: 
[2025-05-08 22:04:46Z INFO RSAFileKeyManager] Loading RSA key parameters from file /Users/ben/Repos/FrothlyBen/course-gh-actions/actions-runner/.credentials_rsaparams
[2025-05-08 22:04:46Z INFO RSAFileKeyManager] Loading RSA key parameters from file /Users/ben/Repos/FrothlyBen/course-gh-actions/actions-runner/.credentials_rsaparams
[2025-05-08 22:04:47Z INFO GitHubActionsService] AAD Correlation ID for this token request: Unknown
[2025-05-08 22:04:47Z INFO MessageListener] Session created.
[2025-05-08 22:04:47Z INFO Terminal] WRITE LINE: Current runner version: '2.323.0'
[2025-05-08 22:04:47Z INFO Terminal] WRITE LINE: 2025-05-08 22:04:47Z: Listening for Jobs
[2025-05-08 22:04:47Z INFO JobDispatcher] Set runner/worker IPC timeout to 30 seconds.
[2025-05-08 22:04:47Z INFO RSAFileKeyManager] Loading RSA key parameters from file /Users/ben/Repos/FrothlyBen/course-gh-actions/actions-runner/.credentials_rsaparams
[2025-05-08 22:04:47Z INFO GitHubActionsService] AAD Correlation ID for this token request: Unknown
